2026-02-15 21:43:59.123 INFO  [org.springframework.kafka.KafkaListenerEndpointContainer#0-0-C-1] traceId= userId= o.apache.kafka.clients.NetworkClient - [Consumer clientId=consumer-auth-user-service-group-1, groupId=auth-user-service-group] Node 1 disconnected.
2026-02-15 21:43:59.129 INFO  [org.springframework.kafka.KafkaListenerEndpointContainer#1-0-C-1] traceId= userId= o.apache.kafka.clients.NetworkClient - [Consumer clientId=consumer-auth-user-service-group-2, groupId=auth-user-service-group] Node 1 disconnected.
2026-02-15 21:43:59.174 INFO  [org.springframework.kafka.KafkaListenerEndpointContainer#0-0-C-1] traceId= userId= o.apache.kafka.clients.NetworkClient - [Consumer clientId=consumer-auth-user-service-group-1, groupId=auth-user-service-group] Cancelled in-flight FETCH request with correlation id 68794 due to node 1 being disconnected (elapsed time since creation: 211204226ms, elapsed time since send: 211204226ms, throttle time: 0ms, request timeout: 30000ms)
2026-02-15 21:43:59.175 INFO  [org.springframework.kafka.KafkaListenerEndpointContainer#1-0-C-1] traceId= userId= o.apache.kafka.clients.NetworkClient - [Consumer clientId=consumer-auth-user-service-group-2, groupId=auth-user-service-group] Cancelled in-flight FETCH request with correlation id 68071 due to node 1 being disconnected (elapsed time since creation: 211204726ms, elapsed time since send: 211204726ms, throttle time: 0ms, request timeout: 30000ms)
2026-02-15 21:43:59.176 INFO  [org.springframework.kafka.KafkaListenerEndpointContainer#1-0-C-1] traceId= userId= o.apache.kafka.clients.NetworkClient - [Consumer clientId=consumer-auth-user-service-group-2, groupId=auth-user-service-group] Node 2147483646 disconnected.
2026-02-15 21:43:59.176 INFO  [org.springframework.kafka.KafkaListenerEndpointContainer#1-0-C-1] traceId= userId= o.apache.kafka.clients.NetworkClient - [Consumer clientId=consumer-auth-user-service-group-2, groupId=auth-user-service-group] Cancelled in-flight HEARTBEAT request with correlation id 68072 due to node 2147483646 being disconnected (elapsed time since creation: 211204218ms, elapsed time since send: 211204218ms, throttle time: 0ms, request timeout: 30000ms)
2026-02-15 21:43:59.176 INFO  [org.springframework.kafka.KafkaListenerEndpointContainer#0-0-C-1] traceId= userId= o.apache.kafka.clients.NetworkClient - [Consumer clientId=consumer-auth-user-service-group-1, groupId=auth-user-service-group] Node 2147483646 disconnected.
2026-02-15 21:43:59.177 INFO  [kafka-coordinator-heartbeat-thread | auth-user-service-group] traceId= userId= o.a.k.c.c.i.ConsumerCoordinator - [Consumer clientId=consumer-auth-user-service-group-2, groupId=auth-user-service-group] Group coordinator localhost:9092 (id: 2147483646 rack: null) is unavailable or invalid due to cause: null. isDisconnected: true. Rediscovery will be attempted.
2026-02-15 21:43:59.177 INFO  [kafka-coordinator-heartbeat-thread | auth-user-service-group] traceId= userId= o.a.k.c.c.i.ConsumerCoordinator - [Consumer clientId=consumer-auth-user-service-group-1, groupId=auth-user-service-group] Group coordinator localhost:9092 (id: 2147483646 rack: null) is unavailable or invalid due to cause: session timed out without receiving a heartbeat response. isDisconnected: false. Rediscovery will be attempted.
2026-02-15 21:43:59.177 INFO  [kafka-coordinator-heartbeat-thread | auth-user-service-group] traceId= userId= o.a.k.c.c.i.ConsumerCoordinator - [Consumer clientId=consumer-auth-user-service-group-1, groupId=auth-user-service-group] Requesting disconnect from last known coordinator localhost:9092 (id: 2147483646 rack: null)
2026-02-15 21:43:59.176 INFO  [org.springframework.kafka.KafkaListenerEndpointContainer#1-0-C-1] traceId= userId= o.a.k.clients.FetchSessionHandler - [Consumer clientId=consumer-auth-user-service-group-2, groupId=auth-user-service-group] Error sending fetch request (sessionId=1636908336, epoch=23277) to node 1:
org.apache.kafka.common.errors.DisconnectException: null
2026-02-15 21:43:59.177 INFO  [org.springframework.kafka.KafkaListenerEndpointContainer#0-0-C-1] traceId= userId= o.a.k.clients.FetchSessionHandler - [Consumer clientId=consumer-auth-user-service-group-1, groupId=auth-user-service-group] Error sending fetch request (sessionId=1601240114, epoch=23435) to node 1:
org.apache.kafka.common.errors.DisconnectException: null
2026-02-15 21:43:59.334 INFO  [org.springframework.kafka.KafkaListenerEndpointContainer#1-0-C-1] traceId= userId= o.a.k.c.c.i.ConsumerCoordinator - [Consumer clientId=consumer-auth-user-service-group-2, groupId=auth-user-service-group] Discovered group coordinator localhost:9092 (id: 2147483646 rack: null)
2026-02-15 21:43:59.455 INFO  [cluster-ClusterId{value='698d8a002ea62166d52c3c1f', description='educonnect'}-ac-1wjcxje-shard-00-01.sjmtr4c.mongodb.net:27017] traceId= userId= org.mongodb.driver.cluster - Exception in monitor thread while connecting to server ac-1wjcxje-shard-00-01.sjmtr4c.mongodb.net:27017
com.mongodb.MongoSocketReadException: Exception receiving message
	at com.mongodb.internal.connection.InternalStreamConnection.translateReadException(InternalStreamConnection.java:814)
	at com.mongodb.internal.connection.InternalStreamConnection.receiveResponseBuffers(InternalStreamConnection.java:862)
	at com.mongodb.internal.connection.InternalStreamConnection.receiveCommandMessageResponse(InternalStreamConnection.java:517)
	at com.mongodb.internal.connection.InternalStreamConnection.receive(InternalStreamConnection.java:469)
	at com.mongodb.internal.connection.DefaultServerMonitor$ServerMonitor.lookupServerDescription(DefaultServerMonitor.java:249)
	at com.mongodb.internal.connection.DefaultServerMonitor$ServerMonitor.run(DefaultServerMonitor.java:176)
Caused by: java.net.SocketException: Connection reset
	at java.base/sun.nio.ch.NioSocketImpl.implRead(NioSocketImpl.java:316)
	at java.base/sun.nio.ch.NioSocketImpl.read(NioSocketImpl.java:354)
	at java.base/sun.nio.ch.NioSocketImpl$1.read(NioSocketImpl.java:798)
	at java.base/java.net.Socket$SocketInputStream.implRead(Socket.java:974)
	at java.base/java.net.Socket$SocketInputStream.read(Socket.java:964)
	at java.base/sun.security.ssl.SSLSocketInputRecord.read(SSLSocketInputRecord.java:489)
	at java.base/sun.security.ssl.SSLSocketInputRecord.readHeader(SSLSocketInputRecord.java:483)
	at java.base/sun.security.ssl.SSLSocketInputRecord.bytesInCompletePacket(SSLSocketInputRecord.java:70)
	at java.base/sun.security.ssl.SSLSocketImpl.readApplicationRecord(SSLSocketImpl.java:1461)
	at java.base/sun.security.ssl.SSLSocketImpl$AppInputStream.read(SSLSocketImpl.java:1068)
	at com.mongodb.internal.connection.SocketStream.read(SocketStream.java:182)
	at com.mongodb.internal.connection.InternalStreamConnection.receiveResponseBuffers(InternalStreamConnection.java:829)
	... 4 common frames omitted
2026-02-15 21:43:59.507 INFO  [cluster-ClusterId{value='698d8a002ea62166d52c3c1f', description='educonnect'}-ac-1wjcxje-shard-00-02.sjmtr4c.mongodb.net:27017] traceId= userId= org.mongodb.driver.cluster - Exception in monitor thread while connecting to server ac-1wjcxje-shard-00-02.sjmtr4c.mongodb.net:27017
com.mongodb.MongoSocketReadException: Exception receiving message
	at com.mongodb.internal.connection.InternalStreamConnection.translateReadException(InternalStreamConnection.java:814)
	at com.mongodb.internal.connection.InternalStreamConnection.receiveResponseBuffers(InternalStreamConnection.java:862)
	at com.mongodb.internal.connection.InternalStreamConnection.receiveCommandMessageResponse(InternalStreamConnection.java:517)
	at com.mongodb.internal.connection.InternalStreamConnection.receive(InternalStreamConnection.java:469)
	at com.mongodb.internal.connection.DefaultServerMonitor$ServerMonitor.lookupServerDescription(DefaultServerMonitor.java:249)
	at com.mongodb.internal.connection.DefaultServerMonitor$ServerMonitor.run(DefaultServerMonitor.java:176)
Caused by: java.net.SocketException: Connection reset
	at java.base/sun.nio.ch.NioSocketImpl.implRead(NioSocketImpl.java:316)
	at java.base/sun.nio.ch.NioSocketImpl.read(NioSocketImpl.java:354)
	at java.base/sun.nio.ch.NioSocketImpl$1.read(NioSocketImpl.java:798)
	at java.base/java.net.Socket$SocketInputStream.implRead(Socket.java:974)
	at java.base/java.net.Socket$SocketInputStream.read(Socket.java:964)
	at java.base/sun.security.ssl.SSLSocketInputRecord.read(SSLSocketInputRecord.java:489)
	at java.base/sun.security.ssl.SSLSocketInputRecord.readHeader(SSLSocketInputRecord.java:483)
	at java.base/sun.security.ssl.SSLSocketInputRecord.bytesInCompletePacket(SSLSocketInputRecord.java:70)
	at java.base/sun.security.ssl.SSLSocketImpl.readApplicationRecord(SSLSocketImpl.java:1461)
	at java.base/sun.security.ssl.SSLSocketImpl$AppInputStream.read(SSLSocketImpl.java:1068)
	at com.mongodb.internal.connection.SocketStream.read(SocketStream.java:182)
	at com.mongodb.internal.connection.InternalStreamConnection.receiveResponseBuffers(InternalStreamConnection.java:829)
	... 4 common frames omitted
2026-02-15 21:43:59.508 INFO  [cluster-ClusterId{value='698d8a002ea62166d52c3c1f', description='educonnect'}-ac-1wjcxje-shard-00-00.sjmtr4c.mongodb.net:27017] traceId= userId= org.mongodb.driver.cluster - Exception in monitor thread while connecting to server ac-1wjcxje-shard-00-00.sjmtr4c.mongodb.net:27017
com.mongodb.MongoSocketReadException: Exception receiving message
	at com.mongodb.internal.connection.InternalStreamConnection.translateReadException(InternalStreamConnection.java:814)
	at com.mongodb.internal.connection.InternalStreamConnection.receiveResponseBuffers(InternalStreamConnection.java:862)
	at com.mongodb.internal.connection.InternalStreamConnection.receiveCommandMessageResponse(InternalStreamConnection.java:517)
	at com.mongodb.internal.connection.InternalStreamConnection.receive(InternalStreamConnection.java:469)
	at com.mongodb.internal.connection.DefaultServerMonitor$ServerMonitor.lookupServerDescription(DefaultServerMonitor.java:249)
	at com.mongodb.internal.connection.DefaultServerMonitor$ServerMonitor.run(DefaultServerMonitor.java:176)
Caused by: java.net.SocketException: Connection reset
	at java.base/sun.nio.ch.NioSocketImpl.implRead(NioSocketImpl.java:316)
	at java.base/sun.nio.ch.NioSocketImpl.read(NioSocketImpl.java:354)
	at java.base/sun.nio.ch.NioSocketImpl$1.read(NioSocketImpl.java:798)
	at java.base/java.net.Socket$SocketInputStream.implRead(Socket.java:974)
	at java.base/java.net.Socket$SocketInputStream.read(Socket.java:964)
	at java.base/sun.security.ssl.SSLSocketInputRecord.read(SSLSocketInputRecord.java:489)
	at java.base/sun.security.ssl.SSLSocketInputRecord.readHeader(SSLSocketInputRecord.java:483)
	at java.base/sun.security.ssl.SSLSocketInputRecord.bytesInCompletePacket(SSLSocketInputRecord.java:70)
	at java.base/sun.security.ssl.SSLSocketImpl.readApplicationRecord(SSLSocketImpl.java:1461)
	at java.base/sun.security.ssl.SSLSocketImpl$AppInputStream.read(SSLSocketImpl.java:1068)
	at com.mongodb.internal.connection.SocketStream.read(SocketStream.java:182)
	at com.mongodb.internal.connection.InternalStreamConnection.receiveResponseBuffers(InternalStreamConnection.java:829)
	... 4 common frames omitted
2026-02-15 21:43:59.669 INFO  [org.springframework.kafka.KafkaListenerEndpointContainer#0-0-C-1] traceId= userId= o.a.k.c.c.i.ConsumerCoordinator - [Consumer clientId=consumer-auth-user-service-group-1, groupId=auth-user-service-group] Discovered group coordinator localhost:9092 (id: 2147483646 rack: null)
2026-02-15 21:43:59.822 INFO  [cluster-ClusterId{value='698d8a002ea62166d52c3c1f', description='educonnect'}-ac-1wjcxje-shard-00-01.sjmtr4c.mongodb.net:27017] traceId= userId= org.mongodb.driver.cluster - Exception in monitor thread while connecting to server ac-1wjcxje-shard-00-01.sjmtr4c.mongodb.net:27017
com.mongodb.MongoSocketException: No such host is known (ac-1wjcxje-shard-00-01.sjmtr4c.mongodb.net)
	at com.mongodb.internal.connection.ServerAddressHelper.getSocketAddresses(ServerAddressHelper.java:75)
	at com.mongodb.internal.connection.SocketStream.initializeSocket(SocketStream.java:100)
	at com.mongodb.internal.connection.SocketStream.open(SocketStream.java:79)
	at com.mongodb.internal.connection.InternalStreamConnection.open(InternalStreamConnection.java:233)
	at com.mongodb.internal.connection.DefaultServerMonitor$ServerMonitor.lookupServerDescription(DefaultServerMonitor.java:219)
	at com.mongodb.internal.connection.DefaultServerMonitor$ServerMonitor.run(DefaultServerMonitor.java:176)
Caused by: java.net.UnknownHostException: No such host is known (ac-1wjcxje-shard-00-01.sjmtr4c.mongodb.net)
	at java.base/java.net.Inet6AddressImpl.lookupAllHostAddr(Native Method)
	at java.base/java.net.Inet6AddressImpl.lookupAllHostAddr(Inet6AddressImpl.java:52)
	at java.base/java.net.InetAddress$PlatformResolver.lookupByName(InetAddress.java:1134)
	at java.base/java.net.InetAddress.getAddressesFromNameService(InetAddress.java:1712)
	at java.base/java.net.InetAddress$NameServiceAddresses.get(InetAddress.java:1060)
	at java.base/java.net.InetAddress.getAllByName0(InetAddress.java:1702)
	at java.base/java.net.InetAddress.getAllByName(InetAddress.java:1582)
	at com.mongodb.internal.connection.DefaultInetAddressResolver.lookupByName(DefaultInetAddressResolver.java:34)
	at com.mongodb.internal.connection.ServerAddressHelper.getSocketAddresses(ServerAddressHelper.java:71)
	... 5 common frames omitted
2026-02-15 21:43:59.822 INFO  [cluster-ClusterId{value='698d8a002ea62166d52c3c1f', description='educonnect'}-ac-1wjcxje-shard-00-00.sjmtr4c.mongodb.net:27017] traceId= userId= org.mongodb.driver.cluster - Exception in monitor thread while connecting to server ac-1wjcxje-shard-00-00.sjmtr4c.mongodb.net:27017
com.mongodb.MongoSocketException: No such host is known (ac-1wjcxje-shard-00-00.sjmtr4c.mongodb.net)
	at com.mongodb.internal.connection.ServerAddressHelper.getSocketAddresses(ServerAddressHelper.java:75)
	at com.mongodb.internal.connection.SocketStream.initializeSocket(SocketStream.java:100)
	at com.mongodb.internal.connection.SocketStream.open(SocketStream.java:79)
	at com.mongodb.internal.connection.InternalStreamConnection.open(InternalStreamConnection.java:233)
	at com.mongodb.internal.connection.DefaultServerMonitor$ServerMonitor.lookupServerDescription(DefaultServerMonitor.java:219)
	at com.mongodb.internal.connection.DefaultServerMonitor$ServerMonitor.run(DefaultServerMonitor.java:176)
Caused by: java.net.UnknownHostException: No such host is known (ac-1wjcxje-shard-00-00.sjmtr4c.mongodb.net)
	at java.base/java.net.Inet6AddressImpl.lookupAllHostAddr(Native Method)
	at java.base/java.net.Inet6AddressImpl.lookupAllHostAddr(Inet6AddressImpl.java:52)
	at java.base/java.net.InetAddress$PlatformResolver.lookupByName(InetAddress.java:1134)
	at java.base/java.net.InetAddress.getAddressesFromNameService(InetAddress.java:1712)
	at java.base/java.net.InetAddress$NameServiceAddresses.get(InetAddress.java:1060)
	at java.base/java.net.InetAddress.getAllByName0(InetAddress.java:1702)
	at java.base/java.net.InetAddress.getAllByName(InetAddress.java:1582)
	at com.mongodb.internal.connection.DefaultInetAddressResolver.lookupByName(DefaultInetAddressResolver.java:34)
	at com.mongodb.internal.connection.ServerAddressHelper.getSocketAddresses(ServerAddressHelper.java:71)
	... 5 common frames omitted
2026-02-15 21:43:59.822 INFO  [cluster-ClusterId{value='698d8a002ea62166d52c3c1f', description='educonnect'}-ac-1wjcxje-shard-00-02.sjmtr4c.mongodb.net:27017] traceId= userId= org.mongodb.driver.cluster - Exception in monitor thread while connecting to server ac-1wjcxje-shard-00-02.sjmtr4c.mongodb.net:27017
com.mongodb.MongoSocketException: No such host is known (ac-1wjcxje-shard-00-02.sjmtr4c.mongodb.net)
	at com.mongodb.internal.connection.ServerAddressHelper.getSocketAddresses(ServerAddressHelper.java:75)
	at com.mongodb.internal.connection.SocketStream.initializeSocket(SocketStream.java:100)
	at com.mongodb.internal.connection.SocketStream.open(SocketStream.java:79)
	at com.mongodb.internal.connection.InternalStreamConnection.open(InternalStreamConnection.java:233)
	at com.mongodb.internal.connection.DefaultServerMonitor$ServerMonitor.lookupServerDescription(DefaultServerMonitor.java:219)
	at com.mongodb.internal.connection.DefaultServerMonitor$ServerMonitor.run(DefaultServerMonitor.java:176)
Caused by: java.net.UnknownHostException: No such host is known (ac-1wjcxje-shard-00-02.sjmtr4c.mongodb.net)
	at java.base/java.net.Inet6AddressImpl.lookupAllHostAddr(Native Method)
	at java.base/java.net.Inet6AddressImpl.lookupAllHostAddr(Inet6AddressImpl.java:52)
	at java.base/java.net.InetAddress$PlatformResolver.lookupByName(InetAddress.java:1134)
	at java.base/java.net.InetAddress.getAddressesFromNameService(InetAddress.java:1712)
	at java.base/java.net.InetAddress$NameServiceAddresses.get(InetAddress.java:1060)
	at java.base/java.net.InetAddress.getAllByName0(InetAddress.java:1702)
	at java.base/java.net.InetAddress.getAllByName(InetAddress.java:1582)
	at com.mongodb.internal.connection.DefaultInetAddressResolver.lookupByName(DefaultInetAddressResolver.java:34)
	at com.mongodb.internal.connection.ServerAddressHelper.getSocketAddresses(ServerAddressHelper.java:71)
	... 5 common frames omitted
2026-02-15 21:44:00.114 INFO  [org.springframework.kafka.KafkaListenerEndpointContainer#0-0-C-1] traceId= userId= o.a.k.c.c.i.ConsumerCoordinator - [Consumer clientId=consumer-auth-user-service-group-1, groupId=auth-user-service-group] Attempt to heartbeat with Generation{generationId=25, memberId='consumer-auth-user-service-group-1-c7554f3a-f018-495a-8ae3-7eaa04dbbc66', protocol='range'} and group instance id Optional.empty failed due to UNKNOWN_MEMBER_ID, resetting generation
2026-02-15 21:43:59.894 INFO  [org.springframework.kafka.KafkaListenerEndpointContainer#1-0-C-1] traceId= userId= o.a.k.c.c.i.ConsumerCoordinator - [Consumer clientId=consumer-auth-user-service-group-2, groupId=auth-user-service-group] Attempt to heartbeat with Generation{generationId=25, memberId='consumer-auth-user-service-group-2-9aee6577-2f01-4f3a-b473-6e242843891d', protocol='range'} and group instance id Optional.empty failed due to UNKNOWN_MEMBER_ID, resetting generation
2026-02-15 21:44:02.814 INFO  [kafka-coordinator-heartbeat-thread | auth-user-service-group] traceId= userId= o.a.k.c.c.i.ConsumerCoordinator - [Consumer clientId=consumer-auth-user-service-group-2, groupId=auth-user-service-group] Attempt to heartbeat with Generation{generationId=25, memberId='consumer-auth-user-service-group-2-9aee6577-2f01-4f3a-b473-6e242843891d', protocol='range'} and group instance id Optional.empty failed due to UNKNOWN_MEMBER_ID, resetting generation
2026-02-15 21:44:02.928 INFO  [kafka-coordinator-heartbeat-thread | auth-user-service-group] traceId= userId= o.a.k.c.c.i.ConsumerCoordinator - [Consumer clientId=consumer-auth-user-service-group-1, groupId=auth-user-service-group] Attempt to heartbeat with Generation{generationId=25, memberId='consumer-auth-user-service-group-1-c7554f3a-f018-495a-8ae3-7eaa04dbbc66', protocol='range'} and group instance id Optional.empty failed due to UNKNOWN_MEMBER_ID, resetting generation
2026-02-15 21:44:12.509 INFO  [cluster-ClusterId{value='698d8a002ea62166d52c3c1f', description='educonnect'}-ac-1wjcxje-shard-00-00.sjmtr4c.mongodb.net:27017] traceId= userId= org.mongodb.driver.cluster - Monitor thread successfully connected to server with description ServerDescription{address=ac-1wjcxje-shard-00-00.sjmtr4c.mongodb.net:27017, type=REPLICA_SET_SECONDARY, cryptd=false, state=CONNECTED, ok=true, minWireVersion=0, maxWireVersion=25, maxDocumentSize=16777216, logicalSessionTimeoutMinutes=30, roundTripTimeNanos=431265400, minRoundTripTimeNanos=0, setName='atlas-haws0i-shard-0', canonicalAddress=ac-1wjcxje-shard-00-00.sjmtr4c.mongodb.net:27017, hosts=[ac-1wjcxje-shard-00-01.sjmtr4c.mongodb.net:27017, ac-1wjcxje-shard-00-00.sjmtr4c.mongodb.net:27017, ac-1wjcxje-shard-00-02.sjmtr4c.mongodb.net:27017], passives=[], arbiters=[], primary='ac-1wjcxje-shard-00-02.sjmtr4c.mongodb.net:27017', tagSet=TagSet{[Tag{name='availabilityZone', value='aps1-az1'}, Tag{name='diskState', value='READY'}, Tag{name='nodeType', value='ELECTABLE'}, Tag{name='provider', value='AWS'}, Tag{name='region', value='AP_SOUTH_1'}, Tag{name='workloadType', value='OPERATIONAL'}]}, electionId=null, setVersion=341, topologyVersion=TopologyVersion{processId=698f4d063c5f7a4e3691efbc, counter=4}, lastWriteDate=Sun Feb 15 21:44:12 IST 2026, lastUpdateTimeNanos=1065685669395800}
2026-02-15 21:44:12.823 INFO  [cluster-ClusterId{value='698d8a002ea62166d52c3c1f', description='educonnect'}-ac-1wjcxje-shard-00-01.sjmtr4c.mongodb.net:27017] traceId= userId= org.mongodb.driver.cluster - Monitor thread successfully connected to server with description ServerDescription{address=ac-1wjcxje-shard-00-01.sjmtr4c.mongodb.net:27017, type=REPLICA_SET_SECONDARY, cryptd=false, state=CONNECTED, ok=true, minWireVersion=0, maxWireVersion=25, maxDocumentSize=16777216, logicalSessionTimeoutMinutes=30, roundTripTimeNanos=316792800, minRoundTripTimeNanos=0, setName='atlas-haws0i-shard-0', canonicalAddress=ac-1wjcxje-shard-00-01.sjmtr4c.mongodb.net:27017, hosts=[ac-1wjcxje-shard-00-01.sjmtr4c.mongodb.net:27017, ac-1wjcxje-shard-00-00.sjmtr4c.mongodb.net:27017, ac-1wjcxje-shard-00-02.sjmtr4c.mongodb.net:27017], passives=[], arbiters=[], primary='ac-1wjcxje-shard-00-02.sjmtr4c.mongodb.net:27017', tagSet=TagSet{[Tag{name='availabilityZone', value='aps1-az3'}, Tag{name='diskState', value='READY'}, Tag{name='nodeType', value='ELECTABLE'}, Tag{name='provider', value='AWS'}, Tag{name='region', value='AP_SOUTH_1'}, Tag{name='workloadType', value='OPERATIONAL'}]}, electionId=null, setVersion=341, topologyVersion=TopologyVersion{processId=698f51e86a148b4bbc3e7850, counter=3}, lastWriteDate=Sun Feb 15 21:44:12 IST 2026, lastUpdateTimeNanos=1065685986090500}
2026-02-15 21:44:18.476 INFO  [kafka-coordinator-heartbeat-thread | auth-user-service-group] traceId= userId= o.a.k.c.c.i.ConsumerCoordinator - [Consumer clientId=consumer-auth-user-service-group-1, groupId=auth-user-service-group] Resetting generation and member id due to: encountered UNKNOWN_MEMBER_ID from HEARTBEAT response
2026-02-15 21:44:18.476 INFO  [kafka-coordinator-heartbeat-thread | auth-user-service-group] traceId= userId= o.a.k.c.c.i.ConsumerCoordinator - [Consumer clientId=consumer-auth-user-service-group-2, groupId=auth-user-service-group] Resetting generation and member id due to: encountered UNKNOWN_MEMBER_ID from HEARTBEAT response
2026-02-15 21:44:18.477 INFO  [kafka-coordinator-heartbeat-thread | auth-user-service-group] traceId= userId= o.a.k.c.c.i.ConsumerCoordinator - [Consumer clientId=consumer-auth-user-service-group-2, groupId=auth-user-service-group] Request joining group due to: encountered UNKNOWN_MEMBER_ID from HEARTBEAT response
2026-02-15 21:44:18.477 INFO  [kafka-coordinator-heartbeat-thread | auth-user-service-group] traceId= userId= o.a.k.c.c.i.ConsumerCoordinator - [Consumer clientId=consumer-auth-user-service-group-1, groupId=auth-user-service-group] Request joining group due to: encountered UNKNOWN_MEMBER_ID from HEARTBEAT response
2026-02-15 21:44:18.478 INFO  [org.springframework.kafka.KafkaListenerEndpointContainer#1-0-C-1] traceId= userId= o.a.k.c.c.i.ConsumerCoordinator - [Consumer clientId=consumer-auth-user-service-group-2, groupId=auth-user-service-group] Resetting generation and member id due to: encountered UNKNOWN_MEMBER_ID from HEARTBEAT response
2026-02-15 21:44:18.478 INFO  [org.springframework.kafka.KafkaListenerEndpointContainer#1-0-C-1] traceId= userId= o.a.k.c.c.i.ConsumerCoordinator - [Consumer clientId=consumer-auth-user-service-group-2, groupId=auth-user-service-group] Request joining group due to: encountered UNKNOWN_MEMBER_ID from HEARTBEAT response
2026-02-15 21:44:18.478 INFO  [org.springframework.kafka.KafkaListenerEndpointContainer#0-0-C-1] traceId= userId= o.a.k.c.c.i.ConsumerCoordinator - [Consumer clientId=consumer-auth-user-service-group-1, groupId=auth-user-service-group] Resetting generation and member id due to: encountered UNKNOWN_MEMBER_ID from HEARTBEAT response
2026-02-15 21:44:18.478 INFO  [org.springframework.kafka.KafkaListenerEndpointContainer#0-0-C-1] traceId= userId= o.a.k.c.c.i.ConsumerCoordinator - [Consumer clientId=consumer-auth-user-service-group-1, groupId=auth-user-service-group] Request joining group due to: encountered UNKNOWN_MEMBER_ID from HEARTBEAT response
2026-02-15 21:44:18.482 INFO  [org.springframework.kafka.KafkaListenerEndpointContainer#1-0-C-1] traceId= userId= o.a.k.c.c.i.ConsumerCoordinator - [Consumer clientId=consumer-auth-user-service-group-2, groupId=auth-user-service-group] Giving away all assigned partitions as lost since generation/memberID has been reset,indicating that consumer is in old state or no longer part of the group
2026-02-15 21:44:18.482 INFO  [org.springframework.kafka.KafkaListenerEndpointContainer#0-0-C-1] traceId= userId= o.a.k.c.c.i.ConsumerCoordinator - [Consumer clientId=consumer-auth-user-service-group-1, groupId=auth-user-service-group] Giving away all assigned partitions as lost since generation/memberID has been reset,indicating that consumer is in old state or no longer part of the group
2026-02-15 21:44:18.485 INFO  [org.springframework.kafka.KafkaListenerEndpointContainer#0-0-C-1] traceId= userId= o.a.k.c.c.i.ConsumerRebalanceListenerInvoker - [Consumer clientId=consumer-auth-user-service-group-1, groupId=auth-user-service-group] Lost previously assigned partitions review-events-0
2026-02-15 21:44:18.485 INFO  [org.springframework.kafka.KafkaListenerEndpointContainer#1-0-C-1] traceId= userId= o.a.k.c.c.i.ConsumerRebalanceListenerInvoker - [Consumer clientId=consumer-auth-user-service-group-2, groupId=auth-user-service-group] Lost previously assigned partitions user-events-0
2026-02-15 21:44:18.489 INFO  [org.springframework.kafka.KafkaListenerEndpointContainer#1-0-C-1] traceId= userId= o.s.k.l.KafkaMessageListenerContainer - auth-user-service-group: partitions lost: [user-events-0]
2026-02-15 21:44:18.489 INFO  [org.springframework.kafka.KafkaListenerEndpointContainer#0-0-C-1] traceId= userId= o.s.k.l.KafkaMessageListenerContainer - auth-user-service-group: partitions lost: [review-events-0]
2026-02-15 21:44:18.489 INFO  [org.springframework.kafka.KafkaListenerEndpointContainer#1-0-C-1] traceId= userId= o.s.k.l.KafkaMessageListenerContainer - auth-user-service-group: partitions revoked: [user-events-0]
2026-02-15 21:44:18.489 INFO  [org.springframework.kafka.KafkaListenerEndpointContainer#0-0-C-1] traceId= userId= o.s.k.l.KafkaMessageListenerContainer - auth-user-service-group: partitions revoked: [review-events-0]
2026-02-15 21:44:18.491 INFO  [org.springframework.kafka.KafkaListenerEndpointContainer#0-0-C-1] traceId= userId= o.a.k.c.c.i.ConsumerCoordinator - [Consumer clientId=consumer-auth-user-service-group-1, groupId=auth-user-service-group] (Re-)joining group
2026-02-15 21:44:18.491 INFO  [org.springframework.kafka.KafkaListenerEndpointContainer#1-0-C-1] traceId= userId= o.a.k.c.c.i.ConsumerCoordinator - [Consumer clientId=consumer-auth-user-service-group-2, groupId=auth-user-service-group] (Re-)joining group
2026-02-15 21:44:18.582 INFO  [org.springframework.kafka.KafkaListenerEndpointContainer#0-0-C-1] traceId= userId= o.a.k.c.c.i.ConsumerCoordinator - [Consumer clientId=consumer-auth-user-service-group-1, groupId=auth-user-service-group] Request joining group due to: need to re-join with the given member-id: consumer-auth-user-service-group-1-57ba7d22-92c1-4648-a31c-dc22f83b92e5
2026-02-15 21:44:18.584 INFO  [org.springframework.kafka.KafkaListenerEndpointContainer#0-0-C-1] traceId= userId= o.a.k.c.c.i.ConsumerCoordinator - [Consumer clientId=consumer-auth-user-service-group-1, groupId=auth-user-service-group] (Re-)joining group
2026-02-15 21:44:18.591 INFO  [org.springframework.kafka.KafkaListenerEndpointContainer#1-0-C-1] traceId= userId= o.a.k.c.c.i.ConsumerCoordinator - [Consumer clientId=consumer-auth-user-service-group-2, groupId=auth-user-service-group] Request joining group due to: need to re-join with the given member-id: consumer-auth-user-service-group-2-3677eb0c-1e1b-4a42-b14b-d6d3b7258f75
2026-02-15 21:44:18.591 INFO  [org.springframework.kafka.KafkaListenerEndpointContainer#1-0-C-1] traceId= userId= o.a.k.c.c.i.ConsumerCoordinator - [Consumer clientId=consumer-auth-user-service-group-2, groupId=auth-user-service-group] (Re-)joining group
2026-02-15 21:44:41.673 INFO  [cluster-ClusterId{value='698d8a002ea62166d52c3c1f', description='educonnect'}-ac-1wjcxje-shard-00-02.sjmtr4c.mongodb.net:27017] traceId= userId= org.mongodb.driver.cluster - Monitor thread successfully connected to server with description ServerDescription{address=ac-1wjcxje-shard-00-02.sjmtr4c.mongodb.net:27017, type=REPLICA_SET_PRIMARY, cryptd=false, state=CONNECTED, ok=true, minWireVersion=0, maxWireVersion=25, maxDocumentSize=16777216, logicalSessionTimeoutMinutes=30, roundTripTimeNanos=3954517300, minRoundTripTimeNanos=0, setName='atlas-haws0i-shard-0', canonicalAddress=ac-1wjcxje-shard-00-02.sjmtr4c.mongodb.net:27017, hosts=[ac-1wjcxje-shard-00-01.sjmtr4c.mongodb.net:27017, ac-1wjcxje-shard-00-00.sjmtr4c.mongodb.net:27017, ac-1wjcxje-shard-00-02.sjmtr4c.mongodb.net:27017], passives=[], arbiters=[], primary='ac-1wjcxje-shard-00-02.sjmtr4c.mongodb.net:27017', tagSet=TagSet{[Tag{name='availabilityZone', value='aps1-az2'}, Tag{name='diskState', value='READY'}, Tag{name='nodeType', value='ELECTABLE'}, Tag{name='provider', value='AWS'}, Tag{name='region', value='AP_SOUTH_1'}, Tag{name='workloadType', value='OPERATIONAL'}]}, electionId=7fffffff000000000000013c, setVersion=341, topologyVersion=TopologyVersion{processId=698f4f5e99445e3889e5671c, counter=6}, lastWriteDate=Sun Feb 15 21:44:40 IST 2026, lastUpdateTimeNanos=1065714836421500}
2026-02-15 21:44:41.678 INFO  [cluster-ClusterId{value='698d8a002ea62166d52c3c1f', description='educonnect'}-ac-1wjcxje-shard-00-02.sjmtr4c.mongodb.net:27017] traceId= userId= org.mongodb.driver.cluster - Discovered replica set primary ac-1wjcxje-shard-00-02.sjmtr4c.mongodb.net:27017 with max election id 7fffffff000000000000013c and max set version 341
2026-02-15 21:45:01.266 INFO  [org.springframework.kafka.KafkaListenerEndpointContainer#1-0-C-1] traceId= userId= o.a.k.c.c.i.ConsumerCoordinator - [Consumer clientId=consumer-auth-user-service-group-2, groupId=auth-user-service-group] Successfully joined group with generation Generation{generationId=26, memberId='consumer-auth-user-service-group-2-3677eb0c-1e1b-4a42-b14b-d6d3b7258f75', protocol='range'}
2026-02-15 21:45:01.267 INFO  [org.springframework.kafka.KafkaListenerEndpointContainer#0-0-C-1] traceId= userId= o.a.k.c.c.i.ConsumerCoordinator - [Consumer clientId=consumer-auth-user-service-group-1, groupId=auth-user-service-group] Successfully joined group with generation Generation{generationId=26, memberId='consumer-auth-user-service-group-1-57ba7d22-92c1-4648-a31c-dc22f83b92e5', protocol='range'}
2026-02-15 21:45:01.277 INFO  [org.springframework.kafka.KafkaListenerEndpointContainer#0-0-C-1] traceId= userId= o.a.k.c.c.i.ConsumerCoordinator - [Consumer clientId=consumer-auth-user-service-group-1, groupId=auth-user-service-group] Finished assignment for group at generation 26: {consumer-auth-user-service-group-1-57ba7d22-92c1-4648-a31c-dc22f83b92e5=Assignment(partitions=[review-events-0]), consumer-auth-user-service-group-2-3677eb0c-1e1b-4a42-b14b-d6d3b7258f75=Assignment(partitions=[user-events-0])}
2026-02-15 21:45:01.346 INFO  [org.springframework.kafka.KafkaListenerEndpointContainer#0-0-C-1] traceId= userId= o.a.k.c.c.i.ConsumerCoordinator - [Consumer clientId=consumer-auth-user-service-group-1, groupId=auth-user-service-group] Successfully synced group in generation Generation{generationId=26, memberId='consumer-auth-user-service-group-1-57ba7d22-92c1-4648-a31c-dc22f83b92e5', protocol='range'}
2026-02-15 21:45:01.346 INFO  [org.springframework.kafka.KafkaListenerEndpointContainer#1-0-C-1] traceId= userId= o.a.k.c.c.i.ConsumerCoordinator - [Consumer clientId=consumer-auth-user-service-group-2, groupId=auth-user-service-group] Successfully synced group in generation Generation{generationId=26, memberId='consumer-auth-user-service-group-2-3677eb0c-1e1b-4a42-b14b-d6d3b7258f75', protocol='range'}
2026-02-15 21:45:01.346 INFO  [org.springframework.kafka.KafkaListenerEndpointContainer#1-0-C-1] traceId= userId= o.a.k.c.c.i.ConsumerCoordinator - [Consumer clientId=consumer-auth-user-service-group-2, groupId=auth-user-service-group] Notifying assignor about the new Assignment(partitions=[user-events-0])
2026-02-15 21:45:01.346 INFO  [org.springframework.kafka.KafkaListenerEndpointContainer#0-0-C-1] traceId= userId= o.a.k.c.c.i.ConsumerCoordinator - [Consumer clientId=consumer-auth-user-service-group-1, groupId=auth-user-service-group] Notifying assignor about the new Assignment(partitions=[review-events-0])
2026-02-15 21:45:01.347 INFO  [org.springframework.kafka.KafkaListenerEndpointContainer#1-0-C-1] traceId= userId= o.a.k.c.c.i.ConsumerRebalanceListenerInvoker - [Consumer clientId=consumer-auth-user-service-group-2, groupId=auth-user-service-group] Adding newly assigned partitions: user-events-0
2026-02-15 21:45:01.347 INFO  [org.springframework.kafka.KafkaListenerEndpointContainer#0-0-C-1] traceId= userId= o.a.k.c.c.i.ConsumerRebalanceListenerInvoker - [Consumer clientId=consumer-auth-user-service-group-1, groupId=auth-user-service-group] Adding newly assigned partitions: review-events-0
2026-02-15 21:45:01.362 INFO  [org.springframework.kafka.KafkaListenerEndpointContainer#1-0-C-1] traceId= userId= o.a.k.c.c.internals.ConsumerUtils - Setting offset for partition user-events-0 to the committed offset FetchPosition{offset=0, offsetEpoch=Optional.empty, currentLeader=LeaderAndEpoch{leader=Optional[localhost:9092 (id: 1 rack: null)], epoch=46}}
2026-02-15 21:45:01.362 INFO  [org.springframework.kafka.KafkaListenerEndpointContainer#0-0-C-1] traceId= userId= o.a.k.c.c.internals.ConsumerUtils - Setting offset for partition review-events-0 to the committed offset FetchPosition{offset=0, offsetEpoch=Optional.empty, currentLeader=LeaderAndEpoch{leader=Optional[localhost:9092 (id: 1 rack: null)], epoch=46}}
2026-02-15 21:45:01.363 INFO  [org.springframework.kafka.KafkaListenerEndpointContainer#1-0-C-1] traceId= userId= o.s.k.l.KafkaMessageListenerContainer - auth-user-service-group: partitions assigned: [user-events-0]
2026-02-15 21:45:01.363 INFO  [org.springframework.kafka.KafkaListenerEndpointContainer#0-0-C-1] traceId= userId= o.s.k.l.KafkaMessageListenerContainer - auth-user-service-group: partitions assigned: [review-events-0]
2026-02-15 21:45:10.221 INFO  [AsyncResolver-bootstrap-executor-%d] traceId= userId= c.n.d.s.r.aws.ConfigClusterResolver - Resolving eureka endpoints via configuration
